2021-09-14T17:32:51+02:00 [ERROR] : 
2021-09-14T17:42:38+02:00 [ERROR] : Array
(
    [0] => Array
        (
            [SQLSTATE] => 22007
            [code] => 242
            [message] => [Microsoft][ODBC Driver 17 for SQL Server][SQL Server]La conversión del tipo de datos varchar en datetime produjo un valor fuera de intervalo.
            [query] => 
			INSERT INTO
				FU_DEPOSIT ( FU_DEPOSIT.DATE_OPERATION, FU_DEPOSIT.REFERENCE_ONE, FU_DEPOSIT.REFERENCE_TWO, FU_DEPOSIT.IMPORTE, FU_DEPOSIT.NR_OPERATION, FU_DEPOSIT.BANK_ID, FU_DEPOSIT.NAME_BANK, FU_DEPOSIT.NR_ACCOUNT, FU_DEPOSIT.USER_REG, FU_DEPOSIT.DATE_REG, FU_DEPOSIT.DATE_MOD )
			VALUES ( '2021-09-15 00:00:00', '123123', '123123123', 121, '1231231', 2, 'FU INTERBANK SOLES', '041-2000028685', '', '', '' )
		
        )

    [1] => Array
        (
            [SQLSTATE] => 01000
            [code] => 3621
            [message] => [Microsoft][ODBC Driver 17 for SQL Server][SQL Server]Se terminó la instrucción.
            [query] => 
			INSERT INTO
				FU_DEPOSIT ( FU_DEPOSIT.DATE_OPERATION, FU_DEPOSIT.REFERENCE_ONE, FU_DEPOSIT.REFERENCE_TWO, FU_DEPOSIT.IMPORTE, FU_DEPOSIT.NR_OPERATION, FU_DEPOSIT.BANK_ID, FU_DEPOSIT.NAME_BANK, FU_DEPOSIT.NR_ACCOUNT, FU_DEPOSIT.USER_REG, FU_DEPOSIT.DATE_REG, FU_DEPOSIT.DATE_MOD )
			VALUES ( '2021-09-15 00:00:00', '123123', '123123123', 121, '1231231', 2, 'FU INTERBANK SOLES', '041-2000028685', '', '', '' )
		
        )

)

2021-09-14T17:44:22+02:00 [ERROR] : Array
(
    [0] => Array
        (
            [SQLSTATE] => 22007
            [code] => 242
            [message] => [Microsoft][ODBC Driver 17 for SQL Server][SQL Server]La conversión del tipo de datos varchar en datetime produjo un valor fuera de intervalo.
            [query] => 
			INSERT INTO
				FU_DEPOSIT ( FU_DEPOSIT.DATE_OPERATION, FU_DEPOSIT.REFERENCE_ONE, FU_DEPOSIT.REFERENCE_TWO, FU_DEPOSIT.IMPORTE, FU_DEPOSIT.NR_OPERATION, FU_DEPOSIT.BANK_ID, FU_DEPOSIT.NAME_BANK, FU_DEPOSIT.NR_ACCOUNT, FU_DEPOSIT.USER_REG, FU_DEPOSIT.DATE_REG, FU_DEPOSIT.DATE_MOD )
			VALUES ( '2021-09-15 00:00:00', '123123', '123123123', 121, '1231231', 2, 'FU INTERBANK SOLES', '041-2000028685', '', '', '' )
		
        )

    [1] => Array
        (
            [SQLSTATE] => 01000
            [code] => 3621
            [message] => [Microsoft][ODBC Driver 17 for SQL Server][SQL Server]Se terminó la instrucción.
            [query] => 
			INSERT INTO
				FU_DEPOSIT ( FU_DEPOSIT.DATE_OPERATION, FU_DEPOSIT.REFERENCE_ONE, FU_DEPOSIT.REFERENCE_TWO, FU_DEPOSIT.IMPORTE, FU_DEPOSIT.NR_OPERATION, FU_DEPOSIT.BANK_ID, FU_DEPOSIT.NAME_BANK, FU_DEPOSIT.NR_ACCOUNT, FU_DEPOSIT.USER_REG, FU_DEPOSIT.DATE_REG, FU_DEPOSIT.DATE_MOD )
			VALUES ( '2021-09-15 00:00:00', '123123', '123123123', 121, '1231231', 2, 'FU INTERBANK SOLES', '041-2000028685', '', '', '' )
		
        )

)

2021-09-14T17:57:08+02:00 [ERROR] : Array
(
    [0] => Array
        (
            [SQLSTATE] => 22007
            [code] => 242
            [message] => [Microsoft][ODBC Driver 17 for SQL Server][SQL Server]La conversión del tipo de datos varchar en datetime produjo un valor fuera de intervalo.
            [query] => 
			INSERT INTO
				FU_DEPOSIT ( FU_DEPOSIT.DATE_OPERATION, FU_DEPOSIT.REFERENCE_ONE, FU_DEPOSIT.REFERENCE_TWO, FU_DEPOSIT.IMPORTE, FU_DEPOSIT.NR_OPERATION, FU_DEPOSIT.BANK_ID, FU_DEPOSIT.NAME_BANK, FU_DEPOSIT.NR_ACCOUNT, FU_DEPOSIT.USER_REG, FU_DEPOSIT.DATE_REG, FU_DEPOSIT.DATE_MOD )
			VALUES ( '2021-09-15 00:00:00', '123123', '123123123', 121, '1231231', 2, 'FU INTERBANK SOLES', '041-2000028685', '', '', '' )
		
        )

    [1] => Array
        (
            [SQLSTATE] => 01000
            [code] => 3621
            [message] => [Microsoft][ODBC Driver 17 for SQL Server][SQL Server]Se terminó la instrucción.
            [query] => 
			INSERT INTO
				FU_DEPOSIT ( FU_DEPOSIT.DATE_OPERATION, FU_DEPOSIT.REFERENCE_ONE, FU_DEPOSIT.REFERENCE_TWO, FU_DEPOSIT.IMPORTE, FU_DEPOSIT.NR_OPERATION, FU_DEPOSIT.BANK_ID, FU_DEPOSIT.NAME_BANK, FU_DEPOSIT.NR_ACCOUNT, FU_DEPOSIT.USER_REG, FU_DEPOSIT.DATE_REG, FU_DEPOSIT.DATE_MOD )
			VALUES ( '2021-09-15 00:00:00', '123123', '123123123', 121, '1231231', 2, 'FU INTERBANK SOLES', '041-2000028685', '', '', '' )
		
        )

)

2021-09-14T17:59:25+02:00 [ERROR] : Array
(
    [0] => Array
        (
            [SQLSTATE] => 22007
            [code] => 242
            [message] => [Microsoft][ODBC Driver 17 for SQL Server][SQL Server]La conversión del tipo de datos varchar en datetime produjo un valor fuera de intervalo.
            [query] => 
			INSERT INTO
				FU_DEPOSIT ( FU_DEPOSIT.DATE_OPERATION, FU_DEPOSIT.REFERENCE_ONE, FU_DEPOSIT.REFERENCE_TWO, FU_DEPOSIT.IMPORTE, FU_DEPOSIT.NR_OPERATION, FU_DEPOSIT.BANK_ID, FU_DEPOSIT.NAME_BANK, FU_DEPOSIT.NR_ACCOUNT, FU_DEPOSIT.USER_REG, FU_DEPOSIT.DATE_REG, FU_DEPOSIT.DATE_MOD )
			VALUES ( '2021-09-15 00:00:00', '123123', '123123123', 121, '1231231', 2, 'FU INTERBANK SOLES', '041-2000028685', '', '', '' )
		
        )

    [1] => Array
        (
            [SQLSTATE] => 01000
            [code] => 3621
            [message] => [Microsoft][ODBC Driver 17 for SQL Server][SQL Server]Se terminó la instrucción.
            [query] => 
			INSERT INTO
				FU_DEPOSIT ( FU_DEPOSIT.DATE_OPERATION, FU_DEPOSIT.REFERENCE_ONE, FU_DEPOSIT.REFERENCE_TWO, FU_DEPOSIT.IMPORTE, FU_DEPOSIT.NR_OPERATION, FU_DEPOSIT.BANK_ID, FU_DEPOSIT.NAME_BANK, FU_DEPOSIT.NR_ACCOUNT, FU_DEPOSIT.USER_REG, FU_DEPOSIT.DATE_REG, FU_DEPOSIT.DATE_MOD )
			VALUES ( '2021-09-15 00:00:00', '123123', '123123123', 121, '1231231', 2, 'FU INTERBANK SOLES', '041-2000028685', '', '', '' )
		
        )

)

2021-09-14T18:02:56+02:00 [ERROR] : Array
(
    [0] => Array
        (
            [SQLSTATE] => 22007
            [code] => 242
            [message] => [Microsoft][ODBC Driver 17 for SQL Server][SQL Server]La conversión del tipo de datos varchar en datetime produjo un valor fuera de intervalo.
            [query] => 
			INSERT INTO
				FU_DEPOSIT ( FU_DEPOSIT.DATE_OPERATION, FU_DEPOSIT.REFERENCE_ONE, FU_DEPOSIT.REFERENCE_TWO, FU_DEPOSIT.IMPORTE, FU_DEPOSIT.NR_OPERATION, FU_DEPOSIT.BANK_ID, FU_DEPOSIT.NAME_BANK, FU_DEPOSIT.NR_ACCOUNT, FU_DEPOSIT.USER_REG, FU_DEPOSIT.DATE_REG, FU_DEPOSIT.DATE_MOD )
			VALUES ( '2021-09-15 12:09:00', '123123', '123123123', 121, '1231231', 2, 'FU INTERBANK SOLES', '041-2000028685', '', '', '' )
		
        )

    [1] => Array
        (
            [SQLSTATE] => 01000
            [code] => 3621
            [message] => [Microsoft][ODBC Driver 17 for SQL Server][SQL Server]Se terminó la instrucción.
            [query] => 
			INSERT INTO
				FU_DEPOSIT ( FU_DEPOSIT.DATE_OPERATION, FU_DEPOSIT.REFERENCE_ONE, FU_DEPOSIT.REFERENCE_TWO, FU_DEPOSIT.IMPORTE, FU_DEPOSIT.NR_OPERATION, FU_DEPOSIT.BANK_ID, FU_DEPOSIT.NAME_BANK, FU_DEPOSIT.NR_ACCOUNT, FU_DEPOSIT.USER_REG, FU_DEPOSIT.DATE_REG, FU_DEPOSIT.DATE_MOD )
			VALUES ( '2021-09-15 12:09:00', '123123', '123123123', 121, '1231231', 2, 'FU INTERBANK SOLES', '041-2000028685', '', '', '' )
		
        )

)

2021-09-14T18:09:29+02:00 [ERROR] : Array
(
    [0] => Array
        (
            [SQLSTATE] => 22007
            [code] => 242
            [message] => [Microsoft][ODBC Driver 17 for SQL Server][SQL Server]La conversión del tipo de datos varchar en datetime produjo un valor fuera de intervalo.
            [query] => 
			INSERT INTO
				FU_DEPOSIT ( FU_DEPOSIT.DATE_OPERATION, FU_DEPOSIT.REFERENCE_ONE, FU_DEPOSIT.REFERENCE_TWO, FU_DEPOSIT.IMPORTE, FU_DEPOSIT.NR_OPERATION, FU_DEPOSIT.BANK_ID, FU_DEPOSIT.NAME_BANK, FU_DEPOSIT.NR_ACCOUNT, FU_DEPOSIT.USER_REG, FU_DEPOSIT.DATE_REG, FU_DEPOSIT.DATE_MOD )
			VALUES ( '2021-09-15 00:00:00.000', '123123', '123123123', 121, '1231231', 2, 'FU INTERBANK SOLES', '041-2000028685', '', '', '' )
		
        )

    [1] => Array
        (
            [SQLSTATE] => 01000
            [code] => 3621
            [message] => [Microsoft][ODBC Driver 17 for SQL Server][SQL Server]Se terminó la instrucción.
            [query] => 
			INSERT INTO
				FU_DEPOSIT ( FU_DEPOSIT.DATE_OPERATION, FU_DEPOSIT.REFERENCE_ONE, FU_DEPOSIT.REFERENCE_TWO, FU_DEPOSIT.IMPORTE, FU_DEPOSIT.NR_OPERATION, FU_DEPOSIT.BANK_ID, FU_DEPOSIT.NAME_BANK, FU_DEPOSIT.NR_ACCOUNT, FU_DEPOSIT.USER_REG, FU_DEPOSIT.DATE_REG, FU_DEPOSIT.DATE_MOD )
			VALUES ( '2021-09-15 00:00:00.000', '123123', '123123123', 121, '1231231', 2, 'FU INTERBANK SOLES', '041-2000028685', '', '', '' )
		
        )

)

2021-09-15T03:48:10+02:00 [ERROR] : Array
(
    [0] => Array
        (
            [SQLSTATE] => 22007
            [code] => 242
            [message] => [Microsoft][ODBC Driver 17 for SQL Server][SQL Server]La conversión del tipo de datos varchar en datetime produjo un valor fuera de intervalo.
            [query] => 
			INSERT INTO
				FU_DEPOSIT ( FU_DEPOSIT.DATE_OPERATION, FU_DEPOSIT.REFERENCE_ONE, FU_DEPOSIT.REFERENCE_TWO, FU_DEPOSIT.IMPORTE, FU_DEPOSIT.NR_OPERATION, FU_DEPOSIT.BANK_ID, FU_DEPOSIT.NAME_BANK, FU_DEPOSIT.NR_ACCOUNT, FU_DEPOSIT.USER_REG, FU_DEPOSIT.DATE_REG, FU_DEPOSIT.DATE_MOD )
			VALUES ( '2021-09-17 00:00:00', 'Prueba', NULL, 50, '12', 2, 'FU INTERBANK SOLES', '041-2000028685', '', '', '' )
		
        )

    [1] => Array
        (
            [SQLSTATE] => 01000
            [code] => 3621
            [message] => [Microsoft][ODBC Driver 17 for SQL Server][SQL Server]Se terminó la instrucción.
            [query] => 
			INSERT INTO
				FU_DEPOSIT ( FU_DEPOSIT.DATE_OPERATION, FU_DEPOSIT.REFERENCE_ONE, FU_DEPOSIT.REFERENCE_TWO, FU_DEPOSIT.IMPORTE, FU_DEPOSIT.NR_OPERATION, FU_DEPOSIT.BANK_ID, FU_DEPOSIT.NAME_BANK, FU_DEPOSIT.NR_ACCOUNT, FU_DEPOSIT.USER_REG, FU_DEPOSIT.DATE_REG, FU_DEPOSIT.DATE_MOD )
			VALUES ( '2021-09-17 00:00:00', 'Prueba', NULL, 50, '12', 2, 'FU INTERBANK SOLES', '041-2000028685', '', '', '' )
		
        )

)

2021-09-15T03:51:03+02:00 [ERROR] : Array
(
    [0] => Array
        (
            [SQLSTATE] => 22007
            [code] => 241
            [message] => [Microsoft][ODBC Driver 17 for SQL Server][SQL Server]Error al convertir una cadena de caracteres en fecha y/u hora.
            [query] => 
			INSERT INTO
				FU_DEPOSIT ( FU_DEPOSIT.DATE_OPERATION, FU_DEPOSIT.REFERENCE_ONE, FU_DEPOSIT.REFERENCE_TWO, FU_DEPOSIT.IMPORTE, FU_DEPOSIT.NR_OPERATION, FU_DEPOSIT.BANK_ID, FU_DEPOSIT.NAME_BANK, FU_DEPOSIT.NR_ACCOUNT, FU_DEPOSIT.USER_REG, FU_DEPOSIT.DATE_REG, FU_DEPOSIT.DATE_MOD )
			VALUES ( '2021-09-17 00:00:00000', 'Prueba', NULL, 50, '12', 2, 'FU INTERBANK SOLES', '041-2000028685', '', '', '' )
		
        )

)

2021-09-15T03:51:26+02:00 [ERROR] : Array
(
    [0] => Array
        (
            [SQLSTATE] => 22007
            [code] => 241
            [message] => [Microsoft][ODBC Driver 17 for SQL Server][SQL Server]Error al convertir una cadena de caracteres en fecha y/u hora.
            [query] => 
			INSERT INTO
				FU_DEPOSIT ( FU_DEPOSIT.DATE_OPERATION, FU_DEPOSIT.REFERENCE_ONE, FU_DEPOSIT.REFERENCE_TWO, FU_DEPOSIT.IMPORTE, FU_DEPOSIT.NR_OPERATION, FU_DEPOSIT.BANK_ID, FU_DEPOSIT.NAME_BANK, FU_DEPOSIT.NR_ACCOUNT, FU_DEPOSIT.USER_REG, FU_DEPOSIT.DATE_REG, FU_DEPOSIT.DATE_MOD )
			VALUES ( '2021-09-17 00:00:00000', 'Prueba', NULL, 50, '12', 2, 'FU INTERBANK SOLES', '041-2000028685', '', '', '' )
		
        )

)

2021-09-15T03:51:52+02:00 [ERROR] : Array
(
    [0] => Array
        (
            [SQLSTATE] => 22007
            [code] => 242
            [message] => [Microsoft][ODBC Driver 17 for SQL Server][SQL Server]La conversión del tipo de datos varchar en datetime produjo un valor fuera de intervalo.
            [query] => 
			INSERT INTO
				FU_DEPOSIT ( FU_DEPOSIT.DATE_OPERATION, FU_DEPOSIT.REFERENCE_ONE, FU_DEPOSIT.REFERENCE_TWO, FU_DEPOSIT.IMPORTE, FU_DEPOSIT.NR_OPERATION, FU_DEPOSIT.BANK_ID, FU_DEPOSIT.NAME_BANK, FU_DEPOSIT.NR_ACCOUNT, FU_DEPOSIT.USER_REG, FU_DEPOSIT.DATE_REG, FU_DEPOSIT.DATE_MOD )
			VALUES ( '2021-09-17 00:00:00.000', 'Prueba', NULL, 50, '12', 2, 'FU INTERBANK SOLES', '041-2000028685', '', '', '' )
		
        )

    [1] => Array
        (
            [SQLSTATE] => 01000
            [code] => 3621
            [message] => [Microsoft][ODBC Driver 17 for SQL Server][SQL Server]Se terminó la instrucción.
            [query] => 
			INSERT INTO
				FU_DEPOSIT ( FU_DEPOSIT.DATE_OPERATION, FU_DEPOSIT.REFERENCE_ONE, FU_DEPOSIT.REFERENCE_TWO, FU_DEPOSIT.IMPORTE, FU_DEPOSIT.NR_OPERATION, FU_DEPOSIT.BANK_ID, FU_DEPOSIT.NAME_BANK, FU_DEPOSIT.NR_ACCOUNT, FU_DEPOSIT.USER_REG, FU_DEPOSIT.DATE_REG, FU_DEPOSIT.DATE_MOD )
			VALUES ( '2021-09-17 00:00:00.000', 'Prueba', NULL, 50, '12', 2, 'FU INTERBANK SOLES', '041-2000028685', '', '', '' )
		
        )

)

2021-09-14T22:28:31-05:00 [INFO] : No se puede iniciar busqueda
2021-09-16T18:23:55-05:00 [INFO] : Array
(
    [DEPOSIT_ID] => 1032
    [NR_SEQUENCE] => 123
    [TYPE_DOC] => 
    [NR_SERIE] => B206
    [NR_DOC] => 10
    [FAC_TOT] => 44.10
    [IMPORTE] => -2300.9
    [DOC_CLIENT] => 
    [NAME_CLIENT] => 
    [LOCAL_GUIA] => 2
    [USER_APPLICANT] => AAPOLO
    [USER_CONFIRM] => AAPOLO
    [DATE_CONFIRMATION] => 2021-16-09 18:23:55
    [DATE_LIQUIDATE] => 
    [NR_SEQUENCE_CASH] => 
    [NAME_CASH] => 
    [USER_REG] => 
    [USER_MOD] => 
    [DATE_REG] => 2021-16-09 18:23:55
    [DATE_MOD] => 
)

2021-09-16T18:23:55-05:00 [ERROR] : Array
(
    [0] => Array
        (
            [SQLSTATE] => 42S22
            [code] => 207
            [message] => [Microsoft][ODBC Driver 17 for SQL Server][SQL Server]El nombre de columna 'NR_SEQUENCE' no es válido.
            [query] => 
			INSERT INTO
				FU_DEPOSIT ( FU_DEPOSIT.DEPOSIT_ID, FU_DEPOSIT.NR_SEQUENCE, FU_DEPOSIT.TYPE_DOC, FU_DEPOSIT.NR_SERIE, FU_DEPOSIT.NR_DOC, FU_DEPOSIT.FAC_TOT, FU_DEPOSIT.IMPORTE, FU_DEPOSIT.DOC_CLIENT, FU_DEPOSIT.NAME_CLIENT, FU_DEPOSIT.LOCAL_GUIA, FU_DEPOSIT.USER_APPLICANT, FU_DEPOSIT.USER_CONFIRM, FU_DEPOSIT.DATE_CONFIRMATION, FU_DEPOSIT.DATE_LIQUIDATE, FU_DEPOSIT.NR_SEQUENCE_CASH, FU_DEPOSIT.NAME_CASH, FU_DEPOSIT.USER_REG, FU_DEPOSIT.USER_MOD, FU_DEPOSIT.DATE_REG, FU_DEPOSIT.DATE_MOD )
			VALUES ( 1032, 123, '', 'B206', 10, 44.10, -2300.9, '', '', 2, 'AAPOLO', 'AAPOLO', '2021-16-09 18:23:55', '', '', '', '', '', '2021-16-09 18:23:55', '' )
		
        )

    [1] => Array
        (
            [SQLSTATE] => 42S22
            [code] => 207
            [message] => [Microsoft][ODBC Driver 17 for SQL Server][SQL Server]El nombre de columna 'TYPE_DOC' no es válido.
            [query] => 
			INSERT INTO
				FU_DEPOSIT ( FU_DEPOSIT.DEPOSIT_ID, FU_DEPOSIT.NR_SEQUENCE, FU_DEPOSIT.TYPE_DOC, FU_DEPOSIT.NR_SERIE, FU_DEPOSIT.NR_DOC, FU_DEPOSIT.FAC_TOT, FU_DEPOSIT.IMPORTE, FU_DEPOSIT.DOC_CLIENT, FU_DEPOSIT.NAME_CLIENT, FU_DEPOSIT.LOCAL_GUIA, FU_DEPOSIT.USER_APPLICANT, FU_DEPOSIT.USER_CONFIRM, FU_DEPOSIT.DATE_CONFIRMATION, FU_DEPOSIT.DATE_LIQUIDATE, FU_DEPOSIT.NR_SEQUENCE_CASH, FU_DEPOSIT.NAME_CASH, FU_DEPOSIT.USER_REG, FU_DEPOSIT.USER_MOD, FU_DEPOSIT.DATE_REG, FU_DEPOSIT.DATE_MOD )
			VALUES ( 1032, 123, '', 'B206', 10, 44.10, -2300.9, '', '', 2, 'AAPOLO', 'AAPOLO', '2021-16-09 18:23:55', '', '', '', '', '', '2021-16-09 18:23:55', '' )
		
        )

    [2] => Array
        (
            [SQLSTATE] => 42S22
            [code] => 207
            [message] => [Microsoft][ODBC Driver 17 for SQL Server][SQL Server]El nombre de columna 'NR_SERIE' no es válido.
            [query] => 
			INSERT INTO
				FU_DEPOSIT ( FU_DEPOSIT.DEPOSIT_ID, FU_DEPOSIT.NR_SEQUENCE, FU_DEPOSIT.TYPE_DOC, FU_DEPOSIT.NR_SERIE, FU_DEPOSIT.NR_DOC, FU_DEPOSIT.FAC_TOT, FU_DEPOSIT.IMPORTE, FU_DEPOSIT.DOC_CLIENT, FU_DEPOSIT.NAME_CLIENT, FU_DEPOSIT.LOCAL_GUIA, FU_DEPOSIT.USER_APPLICANT, FU_DEPOSIT.USER_CONFIRM, FU_DEPOSIT.DATE_CONFIRMATION, FU_DEPOSIT.DATE_LIQUIDATE, FU_DEPOSIT.NR_SEQUENCE_CASH, FU_DEPOSIT.NAME_CASH, FU_DEPOSIT.USER_REG, FU_DEPOSIT.USER_MOD, FU_DEPOSIT.DATE_REG, FU_DEPOSIT.DATE_MOD )
			VALUES ( 1032, 123, '', 'B206', 10, 44.10, -2300.9, '', '', 2, 'AAPOLO', 'AAPOLO', '2021-16-09 18:23:55', '', '', '', '', '', '2021-16-09 18:23:55', '' )
		
        )

    [3] => Array
        (
            [SQLSTATE] => 42S22
            [code] => 207
            [message] => [Microsoft][ODBC Driver 17 for SQL Server][SQL Server]El nombre de columna 'NR_DOC' no es válido.
            [query] => 
			INSERT INTO
				FU_DEPOSIT ( FU_DEPOSIT.DEPOSIT_ID, FU_DEPOSIT.NR_SEQUENCE, FU_DEPOSIT.TYPE_DOC, FU_DEPOSIT.NR_SERIE, FU_DEPOSIT.NR_DOC, FU_DEPOSIT.FAC_TOT, FU_DEPOSIT.IMPORTE, FU_DEPOSIT.DOC_CLIENT, FU_DEPOSIT.NAME_CLIENT, FU_DEPOSIT.LOCAL_GUIA, FU_DEPOSIT.USER_APPLICANT, FU_DEPOSIT.USER_CONFIRM, FU_DEPOSIT.DATE_CONFIRMATION, FU_DEPOSIT.DATE_LIQUIDATE, FU_DEPOSIT.NR_SEQUENCE_CASH, FU_DEPOSIT.NAME_CASH, FU_DEPOSIT.USER_REG, FU_DEPOSIT.USER_MOD, FU_DEPOSIT.DATE_REG, FU_DEPOSIT.DATE_MOD )
			VALUES ( 1032, 123, '', 'B206', 10, 44.10, -2300.9, '', '', 2, 'AAPOLO', 'AAPOLO', '2021-16-09 18:23:55', '', '', '', '', '', '2021-16-09 18:23:55', '' )
		
        )

    [4] => Array
        (
            [SQLSTATE] => 42S22
            [code] => 207
            [message] => [Microsoft][ODBC Driver 17 for SQL Server][SQL Server]El nombre de columna 'FAC_TOT' no es válido.
            [query] => 
			INSERT INTO
				FU_DEPOSIT ( FU_DEPOSIT.DEPOSIT_ID, FU_DEPOSIT.NR_SEQUENCE, FU_DEPOSIT.TYPE_DOC, FU_DEPOSIT.NR_SERIE, FU_DEPOSIT.NR_DOC, FU_DEPOSIT.FAC_TOT, FU_DEPOSIT.IMPORTE, FU_DEPOSIT.DOC_CLIENT, FU_DEPOSIT.NAME_CLIENT, FU_DEPOSIT.LOCAL_GUIA, FU_DEPOSIT.USER_APPLICANT, FU_DEPOSIT.USER_CONFIRM, FU_DEPOSIT.DATE_CONFIRMATION, FU_DEPOSIT.DATE_LIQUIDATE, FU_DEPOSIT.NR_SEQUENCE_CASH, FU_DEPOSIT.NAME_CASH, FU_DEPOSIT.USER_REG, FU_DEPOSIT.USER_MOD, FU_DEPOSIT.DATE_REG, FU_DEPOSIT.DATE_MOD )
			VALUES ( 1032, 123, '', 'B206', 10, 44.10, -2300.9, '', '', 2, 'AAPOLO', 'AAPOLO', '2021-16-09 18:23:55', '', '', '', '', '', '2021-16-09 18:23:55', '' )
		
        )

    [5] => Array
        (
            [SQLSTATE] => 42S22
            [code] => 207
            [message] => [Microsoft][ODBC Driver 17 for SQL Server][SQL Server]El nombre de columna 'DOC_CLIENT' no es válido.
            [query] => 
			INSERT INTO
				FU_DEPOSIT ( FU_DEPOSIT.DEPOSIT_ID, FU_DEPOSIT.NR_SEQUENCE, FU_DEPOSIT.TYPE_DOC, FU_DEPOSIT.NR_SERIE, FU_DEPOSIT.NR_DOC, FU_DEPOSIT.FAC_TOT, FU_DEPOSIT.IMPORTE, FU_DEPOSIT.DOC_CLIENT, FU_DEPOSIT.NAME_CLIENT, FU_DEPOSIT.LOCAL_GUIA, FU_DEPOSIT.USER_APPLICANT, FU_DEPOSIT.USER_CONFIRM, FU_DEPOSIT.DATE_CONFIRMATION, FU_DEPOSIT.DATE_LIQUIDATE, FU_DEPOSIT.NR_SEQUENCE_CASH, FU_DEPOSIT.NAME_CASH, FU_DEPOSIT.USER_REG, FU_DEPOSIT.USER_MOD, FU_DEPOSIT.DATE_REG, FU_DEPOSIT.DATE_MOD )
			VALUES ( 1032, 123, '', 'B206', 10, 44.10, -2300.9, '', '', 2, 'AAPOLO', 'AAPOLO', '2021-16-09 18:23:55', '', '', '', '', '', '2021-16-09 18:23:55', '' )
		
        )

    [6] => Array
        (
            [SQLSTATE] => 42S22
            [code] => 207
            [message] => [Microsoft][ODBC Driver 17 for SQL Server][SQL Server]El nombre de columna 'NAME_CLIENT' no es válido.
            [query] => 
			INSERT INTO
				FU_DEPOSIT ( FU_DEPOSIT.DEPOSIT_ID, FU_DEPOSIT.NR_SEQUENCE, FU_DEPOSIT.TYPE_DOC, FU_DEPOSIT.NR_SERIE, FU_DEPOSIT.NR_DOC, FU_DEPOSIT.FAC_TOT, FU_DEPOSIT.IMPORTE, FU_DEPOSIT.DOC_CLIENT, FU_DEPOSIT.NAME_CLIENT, FU_DEPOSIT.LOCAL_GUIA, FU_DEPOSIT.USER_APPLICANT, FU_DEPOSIT.USER_CONFIRM, FU_DEPOSIT.DATE_CONFIRMATION, FU_DEPOSIT.DATE_LIQUIDATE, FU_DEPOSIT.NR_SEQUENCE_CASH, FU_DEPOSIT.NAME_CASH, FU_DEPOSIT.USER_REG, FU_DEPOSIT.USER_MOD, FU_DEPOSIT.DATE_REG, FU_DEPOSIT.DATE_MOD )
			VALUES ( 1032, 123, '', 'B206', 10, 44.10, -2300.9, '', '', 2, 'AAPOLO', 'AAPOLO', '2021-16-09 18:23:55', '', '', '', '', '', '2021-16-09 18:23:55', '' )
		
        )

    [7] => Array
        (
            [SQLSTATE] => 42S22
            [code] => 207
            [message] => [Microsoft][ODBC Driver 17 for SQL Server][SQL Server]El nombre de columna 'LOCAL_GUIA' no es válido.
            [query] => 
			INSERT INTO
				FU_DEPOSIT ( FU_DEPOSIT.DEPOSIT_ID, FU_DEPOSIT.NR_SEQUENCE, FU_DEPOSIT.TYPE_DOC, FU_DEPOSIT.NR_SERIE, FU_DEPOSIT.NR_DOC, FU_DEPOSIT.FAC_TOT, FU_DEPOSIT.IMPORTE, FU_DEPOSIT.DOC_CLIENT, FU_DEPOSIT.NAME_CLIENT, FU_DEPOSIT.LOCAL_GUIA, FU_DEPOSIT.USER_APPLICANT, FU_DEPOSIT.USER_CONFIRM, FU_DEPOSIT.DATE_CONFIRMATION, FU_DEPOSIT.DATE_LIQUIDATE, FU_DEPOSIT.NR_SEQUENCE_CASH, FU_DEPOSIT.NAME_CASH, FU_DEPOSIT.USER_REG, FU_DEPOSIT.USER_MOD, FU_DEPOSIT.DATE_REG, FU_DEPOSIT.DATE_MOD )
			VALUES ( 1032, 123, '', 'B206', 10, 44.10, -2300.9, '', '', 2, 'AAPOLO', 'AAPOLO', '2021-16-09 18:23:55', '', '', '', '', '', '2021-16-09 18:23:55', '' )
		
        )

    [8] => Array
        (
            [SQLSTATE] => 42S22
            [code] => 207
            [message] => [Microsoft][ODBC Driver 17 for SQL Server][SQL Server]El nombre de columna 'USER_APPLICANT' no es válido.
            [query] => 
			INSERT INTO
				FU_DEPOSIT ( FU_DEPOSIT.DEPOSIT_ID, FU_DEPOSIT.NR_SEQUENCE, FU_DEPOSIT.TYPE_DOC, FU_DEPOSIT.NR_SERIE, FU_DEPOSIT.NR_DOC, FU_DEPOSIT.FAC_TOT, FU_DEPOSIT.IMPORTE, FU_DEPOSIT.DOC_CLIENT, FU_DEPOSIT.NAME_CLIENT, FU_DEPOSIT.LOCAL_GUIA, FU_DEPOSIT.USER_APPLICANT, FU_DEPOSIT.USER_CONFIRM, FU_DEPOSIT.DATE_CONFIRMATION, FU_DEPOSIT.DATE_LIQUIDATE, FU_DEPOSIT.NR_SEQUENCE_CASH, FU_DEPOSIT.NAME_CASH, FU_DEPOSIT.USER_REG, FU_DEPOSIT.USER_MOD, FU_DEPOSIT.DATE_REG, FU_DEPOSIT.DATE_MOD )
			VALUES ( 1032, 123, '', 'B206', 10, 44.10, -2300.9, '', '', 2, 'AAPOLO', 'AAPOLO', '2021-16-09 18:23:55', '', '', '', '', '', '2021-16-09 18:23:55', '' )
		
        )

    [9] => Array
        (
            [SQLSTATE] => 42S22
            [code] => 207
            [message] => [Microsoft][ODBC Driver 17 for SQL Server][SQL Server]El nombre de columna 'USER_CONFIRM' no es válido.
            [query] => 
			INSERT INTO
				FU_DEPOSIT ( FU_DEPOSIT.DEPOSIT_ID, FU_DEPOSIT.NR_SEQUENCE, FU_DEPOSIT.TYPE_DOC, FU_DEPOSIT.NR_SERIE, FU_DEPOSIT.NR_DOC, FU_DEPOSIT.FAC_TOT, FU_DEPOSIT.IMPORTE, FU_DEPOSIT.DOC_CLIENT, FU_DEPOSIT.NAME_CLIENT, FU_DEPOSIT.LOCAL_GUIA, FU_DEPOSIT.USER_APPLICANT, FU_DEPOSIT.USER_CONFIRM, FU_DEPOSIT.DATE_CONFIRMATION, FU_DEPOSIT.DATE_LIQUIDATE, FU_DEPOSIT.NR_SEQUENCE_CASH, FU_DEPOSIT.NAME_CASH, FU_DEPOSIT.USER_REG, FU_DEPOSIT.USER_MOD, FU_DEPOSIT.DATE_REG, FU_DEPOSIT.DATE_MOD )
			VALUES ( 1032, 123, '', 'B206', 10, 44.10, -2300.9, '', '', 2, 'AAPOLO', 'AAPOLO', '2021-16-09 18:23:55', '', '', '', '', '', '2021-16-09 18:23:55', '' )
		
        )

    [10] => Array
        (
            [SQLSTATE] => 42S22
            [code] => 207
            [message] => [Microsoft][ODBC Driver 17 for SQL Server][SQL Server]El nombre de columna 'DATE_CONFIRMATION' no es válido.
            [query] => 
			INSERT INTO
				FU_DEPOSIT ( FU_DEPOSIT.DEPOSIT_ID, FU_DEPOSIT.NR_SEQUENCE, FU_DEPOSIT.TYPE_DOC, FU_DEPOSIT.NR_SERIE, FU_DEPOSIT.NR_DOC, FU_DEPOSIT.FAC_TOT, FU_DEPOSIT.IMPORTE, FU_DEPOSIT.DOC_CLIENT, FU_DEPOSIT.NAME_CLIENT, FU_DEPOSIT.LOCAL_GUIA, FU_DEPOSIT.USER_APPLICANT, FU_DEPOSIT.USER_CONFIRM, FU_DEPOSIT.DATE_CONFIRMATION, FU_DEPOSIT.DATE_LIQUIDATE, FU_DEPOSIT.NR_SEQUENCE_CASH, FU_DEPOSIT.NAME_CASH, FU_DEPOSIT.USER_REG, FU_DEPOSIT.USER_MOD, FU_DEPOSIT.DATE_REG, FU_DEPOSIT.DATE_MOD )
			VALUES ( 1032, 123, '', 'B206', 10, 44.10, -2300.9, '', '', 2, 'AAPOLO', 'AAPOLO', '2021-16-09 18:23:55', '', '', '', '', '', '2021-16-09 18:23:55', '' )
		
        )

    [11] => Array
        (
            [SQLSTATE] => 42S22
            [code] => 207
            [message] => [Microsoft][ODBC Driver 17 for SQL Server][SQL Server]El nombre de columna 'DATE_LIQUIDATE' no es válido.
            [query] => 
			INSERT INTO
				FU_DEPOSIT ( FU_DEPOSIT.DEPOSIT_ID, FU_DEPOSIT.NR_SEQUENCE, FU_DEPOSIT.TYPE_DOC, FU_DEPOSIT.NR_SERIE, FU_DEPOSIT.NR_DOC, FU_DEPOSIT.FAC_TOT, FU_DEPOSIT.IMPORTE, FU_DEPOSIT.DOC_CLIENT, FU_DEPOSIT.NAME_CLIENT, FU_DEPOSIT.LOCAL_GUIA, FU_DEPOSIT.USER_APPLICANT, FU_DEPOSIT.USER_CONFIRM, FU_DEPOSIT.DATE_CONFIRMATION, FU_DEPOSIT.DATE_LIQUIDATE, FU_DEPOSIT.NR_SEQUENCE_CASH, FU_DEPOSIT.NAME_CASH, FU_DEPOSIT.USER_REG, FU_DEPOSIT.USER_MOD, FU_DEPOSIT.DATE_REG, FU_DEPOSIT.DATE_MOD )
			VALUES ( 1032, 123, '', 'B206', 10, 44.10, -2300.9, '', '', 2, 'AAPOLO', 'AAPOLO', '2021-16-09 18:23:55', '', '', '', '', '', '2021-16-09 18:23:55', '' )
		
        )

    [12] => Array
        (
            [SQLSTATE] => 42S22
            [code] => 207
            [message] => [Microsoft][ODBC Driver 17 for SQL Server][SQL Server]El nombre de columna 'NR_SEQUENCE_CASH' no es válido.
            [query] => 
			INSERT INTO
				FU_DEPOSIT ( FU_DEPOSIT.DEPOSIT_ID, FU_DEPOSIT.NR_SEQUENCE, FU_DEPOSIT.TYPE_DOC, FU_DEPOSIT.NR_SERIE, FU_DEPOSIT.NR_DOC, FU_DEPOSIT.FAC_TOT, FU_DEPOSIT.IMPORTE, FU_DEPOSIT.DOC_CLIENT, FU_DEPOSIT.NAME_CLIENT, FU_DEPOSIT.LOCAL_GUIA, FU_DEPOSIT.USER_APPLICANT, FU_DEPOSIT.USER_CONFIRM, FU_DEPOSIT.DATE_CONFIRMATION, FU_DEPOSIT.DATE_LIQUIDATE, FU_DEPOSIT.NR_SEQUENCE_CASH, FU_DEPOSIT.NAME_CASH, FU_DEPOSIT.USER_REG, FU_DEPOSIT.USER_MOD, FU_DEPOSIT.DATE_REG, FU_DEPOSIT.DATE_MOD )
			VALUES ( 1032, 123, '', 'B206', 10, 44.10, -2300.9, '', '', 2, 'AAPOLO', 'AAPOLO', '2021-16-09 18:23:55', '', '', '', '', '', '2021-16-09 18:23:55', '' )
		
        )

    [13] => Array
        (
            [SQLSTATE] => 42S22
            [code] => 207
            [message] => [Microsoft][ODBC Driver 17 for SQL Server][SQL Server]El nombre de columna 'NAME_CASH' no es válido.
            [query] => 
			INSERT INTO
				FU_DEPOSIT ( FU_DEPOSIT.DEPOSIT_ID, FU_DEPOSIT.NR_SEQUENCE, FU_DEPOSIT.TYPE_DOC, FU_DEPOSIT.NR_SERIE, FU_DEPOSIT.NR_DOC, FU_DEPOSIT.FAC_TOT, FU_DEPOSIT.IMPORTE, FU_DEPOSIT.DOC_CLIENT, FU_DEPOSIT.NAME_CLIENT, FU_DEPOSIT.LOCAL_GUIA, FU_DEPOSIT.USER_APPLICANT, FU_DEPOSIT.USER_CONFIRM, FU_DEPOSIT.DATE_CONFIRMATION, FU_DEPOSIT.DATE_LIQUIDATE, FU_DEPOSIT.NR_SEQUENCE_CASH, FU_DEPOSIT.NAME_CASH, FU_DEPOSIT.USER_REG, FU_DEPOSIT.USER_MOD, FU_DEPOSIT.DATE_REG, FU_DEPOSIT.DATE_MOD )
			VALUES ( 1032, 123, '', 'B206', 10, 44.10, -2300.9, '', '', 2, 'AAPOLO', 'AAPOLO', '2021-16-09 18:23:55', '', '', '', '', '', '2021-16-09 18:23:55', '' )
		
        )

)

